d:\vincedata\cache\sounds\cc_amb02.wav
d:\vincedata\cache\sounds\ccsh_cantil.wav
d:\vincedata\cache\sounds\ccsh_releas.wav
d:\vincedata\cache\sounds\ccsh_sprg01.wav
d:\vincedata\cache\sounds\ccsh_sprg02.wav
d:\vincedata\cache\sounds\ccsh_sprg03.wav
d:\vincedata\cache\sounds\ccsh_sprg04.wav
d:\vincedata\cache\sounds\ccsh_tensn.wav
d:\vincedata\cache\sounds\ccsh_vfly.wav
d:\vincedata\cache\sounds\ccsh_vslide.wav
d:\vincedata\cache\sounds\ccsh_vsuccess.wav
d:\vincedata\cache\sounds\ccsh_vwall.wav
d:\vincedata\cache\sounds\charmaine_cc_sh_01.wav
d:\vincedata\cache\sounds\vince_cc_sh_01.wav
d:\vincedata\cache\sounds\vince_cc_sh_02.wav
d:\vincedata\cache\sounds\vince_cc_sh_03.wav
d:\vincedata\cache\sounds\vince_cc_sh_04.wav
d:\vincedata\cache\sounds\vince_cc_sh_05.wav
d:\vincedata\cache\sounds\vince_cc_sh_06.wav
d:\vincedata\cache\sounds\vince_cc_sh_07.wav
d:\vincedata\cache\sounds\vince_cc_sh_08.wav
d:\vincedata\cache\sounds\vince_cc_sh_09.wav
