d:\vincedata\cache\levels\tumblerroom\textures\branch01_bump_400.3.00.dds
d:\vincedata\cache\levels\tumblerroom\textures\lightmap1.dds
d:\vincedata\cache\levels\tumblerroom\textures\lightmap10.dds
d:\vincedata\cache\levels\tumblerroom\textures\lightmap11.dds
d:\vincedata\cache\levels\tumblerroom\textures\lightmap12.dds
d:\vincedata\cache\levels\tumblerroom\textures\lightmap13.dds
d:\vincedata\cache\levels\tumblerroom\textures\lightmap14.dds
d:\vincedata\cache\levels\tumblerroom\textures\lightmap15.dds
d:\vincedata\cache\levels\tumblerroom\textures\lightmap16.dds
d:\vincedata\cache\levels\tumblerroom\textures\lightmap17.dds
d:\vincedata\cache\levels\tumblerroom\textures\lightmap18.dds
d:\vincedata\cache\levels\tumblerroom\textures\lightmap19.dds
d:\vincedata\cache\levels\tumblerroom\textures\lightmap2.dds
d:\vincedata\cache\levels\tumblerroom\textures\lightmap3.dds
d:\vincedata\cache\levels\tumblerroom\textures\lightmap4.dds
d:\vincedata\cache\levels\tumblerroom\textures\lightmap5.dds
d:\vincedata\cache\levels\tumblerroom\textures\lightmap6.dds
d:\vincedata\cache\levels\tumblerroom\textures\lightmap7.dds
d:\vincedata\cache\levels\tumblerroom\textures\lightmap8.dds
d:\vincedata\cache\levels\tumblerroom\textures\lightmap9.dds
d:\vincedata\cache\textures\00_cloud.dds
d:\vincedata\cache\textures\00_hollowball.dds
d:\vincedata\cache\textures\00_largesoftdot.dds
d:\vincedata\cache\textures\00_largesparkle.dds
d:\vincedata\cache\textures\00_lightening01.dds
d:\vincedata\cache\textures\00_lightening02.dds
d:\vincedata\cache\textures\00_lightening03.dds
d:\vincedata\cache\textures\00_lightening04.dds
d:\vincedata\cache\textures\00_lightening05.dds
d:\vincedata\cache\textures\00_lightening06.dds
d:\vincedata\cache\textures\00_lightening07.dds
d:\vincedata\cache\textures\00_lightening08.dds
d:\vincedata\cache\textures\00_lightening09.dds
d:\vincedata\cache\textures\00_lightening10.dds
d:\vincedata\cache\textures\00_lightening11.dds
d:\vincedata\cache\textures\00_lightening12.dds
d:\vincedata\cache\textures\00_lightening13.dds
d:\vincedata\cache\textures\00_lightening14.dds
d:\vincedata\cache\textures\00_smallsparkle.dds
d:\vincedata\cache\textures\00_swirldots.dds
d:\vincedata\cache\textures\aa_spark_a.dds
d:\vincedata\cache\textures\aa_spark_b.dds
d:\vincedata\cache\textures\aa_spark_c.dds
d:\vincedata\cache\textures\aa_spark_d.dds
d:\vincedata\cache\textures\aa_spark_e.dds
d:\vincedata\cache\textures\aa_spark_f.dds
d:\vincedata\cache\textures\aa_spark_g.dds
d:\vincedata\cache\textures\activator.dds
d:\vincedata\cache\textures\activatorbad.dds
d:\vincedata\cache\textures\activatoron.dds
d:\vincedata\cache\textures\arearing.dds
d:\vincedata\cache\textures\arearing003.dds
d:\vincedata\cache\textures\arearing005.dds
d:\vincedata\cache\textures\arearing006.dds
d:\vincedata\cache\textures\arearing007.dds
d:\vincedata\cache\textures\arearing008.dds
d:\vincedata\cache\textures\arearing009.dds
d:\vincedata\cache\textures\arearing010.dds
d:\vincedata\cache\textures\arrowbottom.dds
d:\vincedata\cache\textures\arrowleft.dds
d:\vincedata\cache\textures\arrowright.dds
d:\vincedata\cache\textures\arrowtop.dds
d:\vincedata\cache\textures\aunk01.dds
d:\vincedata\cache\textures\aunk02.dds
d:\vincedata\cache\textures\aunk03.dds
d:\vincedata\cache\textures\aunk04.dds
d:\vincedata\cache\textures\aura001.dds
d:\vincedata\cache\textures\aura002.dds
d:\vincedata\cache\textures\ball_001.dds
d:\vincedata\cache\textures\ball_002.dds
d:\vincedata\cache\textures\ballroombrick600_as.dds
d:\vincedata\cache\textures\ballroommisc600.dds
d:\vincedata\cache\textures\bathtub.dds
d:\vincedata\cache\textures\bead.dds
d:\vincedata\cache\textures\bell_hanger.dds
d:\vincedata\cache\textures\belltrophy.dds
d:\vincedata\cache\textures\blob002.dds
d:\vincedata\cache\textures\bookcovers01.dds
d:\vincedata\cache\textures\boostring01.dds
d:\vincedata\cache\textures\brainsparka.dds
d:\vincedata\cache\textures\brainsparkb.dds
d:\vincedata\cache\textures\brainsparkc.dds
d:\vincedata\cache\textures\brainsparkd.dds
d:\vincedata\cache\textures\brainsparke.dds
d:\vincedata\cache\textures\branchgroup_401.dds
d:\vincedata\cache\textures\branchgroup_402.dds
d:\vincedata\cache\textures\branchgroup_403.dds
d:\vincedata\cache\textures\branchgroup_404.dds
d:\vincedata\cache\textures\bricksmanorhouse418_as.dds
d:\vincedata\cache\textures\bspark01.dds
d:\vincedata\cache\textures\bspark02.dds
d:\vincedata\cache\textures\bspark03.dds
d:\vincedata\cache\textures\bspark04.dds
d:\vincedata\cache\textures\bspark05.dds
d:\vincedata\cache\textures\bubbagatorshadow.dds
d:\vincedata\cache\textures\bubble.dds
d:\vincedata\cache\textures\bubble2.dds
d:\vincedata\cache\textures\bubble3.dds
d:\vincedata\cache\textures\burlesqueheart.dds
d:\vincedata\cache\textures\burntroomcharred600_01as.dds
d:\vincedata\cache\textures\burntroomcharred600_as.dds
d:\vincedata\cache\textures\burntroomcharredwood600_01.dds
d:\vincedata\cache\textures\burntroomcharredwood600_02.dds
d:\vincedata\cache\textures\burntroomcharredwood600_03.dds
d:\vincedata\cache\textures\burntroomcharredwood600_as.dds
d:\vincedata\cache\textures\burntroomcharredwood600_ss.dds
d:\vincedata\cache\textures\burntroomcharredwood601_ss.dds
d:\vincedata\cache\textures\burntroommisc600.dds
d:\vincedata\cache\textures\busybutler.dds
d:\vincedata\cache\textures\butlerpath.01.dds
d:\vincedata\cache\textures\butlerpath.02.dds
d:\vincedata\cache\textures\butlerpath.03.dds
d:\vincedata\cache\textures\butlerpath.04.dds
d:\vincedata\cache\textures\butlerpath.05.dds
d:\vincedata\cache\textures\butlerpath.06.dds
d:\vincedata\cache\textures\butlerpath.07.dds
d:\vincedata\cache\textures\butlerpath.08.dds
d:\vincedata\cache\textures\butlerpath.09.dds
d:\vincedata\cache\textures\butlerpath.10.dds
d:\vincedata\cache\textures\butlerpath.11.dds
d:\vincedata\cache\textures\butlerpath.12.dds
d:\vincedata\cache\textures\butlerpath.13.dds
d:\vincedata\cache\textures\butlerpath.14.dds
d:\vincedata\cache\textures\butlerpath.15.dds
d:\vincedata\cache\textures\butlerpath600.dds
d:\vincedata\cache\textures\carpets01.dds
d:\vincedata\cache\textures\ceilingmanorhouse413_as.dds
d:\vincedata\cache\textures\chandalier_ballroom_alpha.dds
d:\vincedata\cache\textures\chardetailtmbrm600.dds
d:\vincedata\cache\textures\charmpage.dds
d:\vincedata\cache\textures\cloud001.dds
d:\vincedata\cache\textures\cloud002.dds
d:\vincedata\cache\textures\cloud003.dds
d:\vincedata\cache\textures\cloud004.dds
d:\vincedata\cache\textures\cloud005.dds
d:\vincedata\cache\textures\cloudplane_carnival_a.dds
d:\vincedata\cache\textures\cloudplane_carnival_b.dds
d:\vincedata\cache\textures\cobweb400.dds
d:\vincedata\cache\textures\cobweb401.dds
d:\vincedata\cache\textures\cobweb402.dds
d:\vincedata\cache\textures\controlslayout.dds
d:\vincedata\cache\textures\cryptdirtbottom300_as_.dds
d:\vincedata\cache\textures\crypttrim331_001.dds
d:\vincedata\cache\textures\disintegrate.000.dds
d:\vincedata\cache\textures\disintegrate.001.dds
d:\vincedata\cache\textures\disintegrate.002.dds
d:\vincedata\cache\textures\disintegrate.003.dds
d:\vincedata\cache\textures\disintegrate.004.dds
d:\vincedata\cache\textures\disintegrate.005.dds
d:\vincedata\cache\textures\disintegrate.006.dds
d:\vincedata\cache\textures\disintegrate.007.dds
d:\vincedata\cache\textures\disintegrate.008.dds
d:\vincedata\cache\textures\disintegrate.009.dds
d:\vincedata\cache\textures\disintegrate.010.dds
d:\vincedata\cache\textures\disintegrate.011.dds
d:\vincedata\cache\textures\disintegrate.012.dds
d:\vincedata\cache\textures\disintegrate.013.dds
d:\vincedata\cache\textures\disintegrate.014.dds
d:\vincedata\cache\textures\disintegrate.015.dds
d:\vincedata\cache\textures\disintegrate.016.dds
d:\vincedata\cache\textures\disintegrate.017.dds
d:\vincedata\cache\textures\disintegrate.018.dds
d:\vincedata\cache\textures\disintegrate.019.dds
d:\vincedata\cache\textures\disintegrate.020.dds
d:\vincedata\cache\textures\disintegrate.021.dds
d:\vincedata\cache\textures\disintegrate.022.dds
d:\vincedata\cache\textures\disintegrate.023.dds
d:\vincedata\cache\textures\disintegrate.024.dds
d:\vincedata\cache\textures\disintegrate.025.dds
d:\vincedata\cache\textures\disintegrate.026.dds
d:\vincedata\cache\textures\disintegrate.027.dds
d:\vincedata\cache\textures\disintegrate.028.dds
d:\vincedata\cache\textures\disintegrate.029.dds
d:\vincedata\cache\textures\disintegrate.030.dds
d:\vincedata\cache\textures\disintegrate.031.dds
d:\vincedata\cache\textures\disintegrate.032.dds
d:\vincedata\cache\textures\disintegrate.033.dds
d:\vincedata\cache\textures\disintegrate.034.dds
d:\vincedata\cache\textures\disintegrate.035.dds
d:\vincedata\cache\textures\disintegrate.036.dds
d:\vincedata\cache\textures\disintegrate.037.dds
d:\vincedata\cache\textures\disintegrate.038.dds
d:\vincedata\cache\textures\disintegrate.039.dds
d:\vincedata\cache\textures\disintegrate.040.dds
d:\vincedata\cache\textures\disintegrate.041.dds
d:\vincedata\cache\textures\disintegrate.042.dds
d:\vincedata\cache\textures\disintegrate.043.dds
d:\vincedata\cache\textures\disintegrate.044.dds
d:\vincedata\cache\textures\disintegrate.045.dds
d:\vincedata\cache\textures\disintegrate.046.dds
d:\vincedata\cache\textures\disintegrate.047.dds
d:\vincedata\cache\textures\disintegrate.048.dds
d:\vincedata\cache\textures\disintegrate.049.dds
d:\vincedata\cache\textures\disintegrate.050.dds
d:\vincedata\cache\textures\disintegrate.051.dds
d:\vincedata\cache\textures\disintegrate.052.dds
d:\vincedata\cache\textures\disintegrate.053.dds
d:\vincedata\cache\textures\disintegrate.054.dds
d:\vincedata\cache\textures\disintegrate.055.dds
d:\vincedata\cache\textures\disintegrate.056.dds
d:\vincedata\cache\textures\disintegrate.057.dds
d:\vincedata\cache\textures\disintegrate.058.dds
d:\vincedata\cache\textures\disintegrate.059.dds
d:\vincedata\cache\textures\disintegrate.060.dds
d:\vincedata\cache\textures\disintegrate.061.dds
d:\vincedata\cache\textures\doormanorhouse419.dds
d:\vincedata\cache\textures\drillstuffing01.dds
d:\vincedata\cache\textures\drillstuffing02.dds
d:\vincedata\cache\textures\dripa.dds
d:\vincedata\cache\textures\droplet.dds
d:\vincedata\cache\textures\dustbag01.dds
d:\vincedata\cache\textures\dustbag02.dds
d:\vincedata\cache\textures\envbead2_64_.dds
d:\vincedata\cache\textures\envbead3_64_.dds
d:\vincedata\cache\textures\envbead_64_.dds
d:\vincedata\cache\textures\envcube.dds
d:\vincedata\cache\textures\envpowericon.dds
d:\vincedata\cache\textures\extralife.dds
d:\vincedata\cache\textures\fakefoggt200.dds
d:\vincedata\cache\textures\firebug2.dds
d:\vincedata\cache\textures\fireflya.dds
d:\vincedata\cache\textures\flame_001.dds
d:\vincedata\cache\textures\flame_004.dds
d:\vincedata\cache\textures\flame_005.dds
d:\vincedata\cache\textures\flame_006.dds
d:\vincedata\cache\textures\flame_008.dds
d:\vincedata\cache\textures\flame_009.dds
d:\vincedata\cache\textures\flame_011.dds
d:\vincedata\cache\textures\flame_012.dds
d:\vincedata\cache\textures\flame_015.dds
d:\vincedata\cache\textures\flamebase_004.dds
d:\vincedata\cache\textures\flamecandle001.dds
d:\vincedata\cache\textures\flamecandle002.dds
d:\vincedata\cache\textures\flamecandle003.dds
d:\vincedata\cache\textures\flamecandle004.dds
d:\vincedata\cache\textures\flamecandle005.dds
d:\vincedata\cache\textures\flamecandle006.dds
d:\vincedata\cache\textures\flamecandle007.dds
d:\vincedata\cache\textures\flamecandle008.dds
d:\vincedata\cache\textures\flamewick.dds
d:\vincedata\cache\textures\floor_drkwood.dds
d:\vincedata\cache\textures\floor_tumbleroom.dds
d:\vincedata\cache\textures\foam_01.dds
d:\vincedata\cache\textures\footprint_mossgrass.dds
d:\vincedata\cache\textures\footprint_mud.dds
d:\vincedata\cache\textures\fortunecoinicon.dds
d:\vincedata\cache\textures\fountaindrip005.dds
d:\vincedata\cache\textures\fresnel_water_linear.dds
d:\vincedata\cache\textures\garbagecan.dds
d:\vincedata\cache\textures\garyfpo.dds
d:\vincedata\cache\textures\gasflame_001d.dds
d:\vincedata\cache\textures\gethealtheffect.dds
d:\vincedata\cache\textures\gingerdeadmanshadow.dds
d:\vincedata\cache\textures\glass600_alpha_as.dds
d:\vincedata\cache\textures\glass600_envmask.dds
d:\vincedata\cache\textures\gunbrass01.dds
d:\vincedata\cache\textures\gunbrass02.dds
d:\vincedata\cache\textures\gunbrass03.dds
d:\vincedata\cache\textures\gunbrass04.dds
d:\vincedata\cache\textures\gunflash01.dds
d:\vincedata\cache\textures\gunflash02.dds
d:\vincedata\cache\textures\gunflash03.dds
d:\vincedata\cache\textures\gunflash04.dds
d:\vincedata\cache\textures\gunflash05.dds
d:\vincedata\cache\textures\hatskull01.dds
d:\vincedata\cache\textures\hatskull02.dds
d:\vincedata\cache\textures\hatskull03.dds
d:\vincedata\cache\textures\hatskull04.dds
d:\vincedata\cache\textures\healthbag00.dds
d:\vincedata\cache\textures\healthbag01.dds
d:\vincedata\cache\textures\healthbag02.dds
d:\vincedata\cache\textures\healthbag03.dds
d:\vincedata\cache\textures\healthbag04.dds
d:\vincedata\cache\textures\healthbagcaution01.dds
d:\vincedata\cache\textures\healthbagcaution02.dds
d:\vincedata\cache\textures\healthbagcaution03.dds
d:\vincedata\cache\textures\healthbagcaution04.dds
d:\vincedata\cache\textures\healthbagicon.dds
d:\vincedata\cache\textures\healthbagiconoutline.dds
d:\vincedata\cache\textures\healthbagsmall00.dds
d:\vincedata\cache\textures\healthbagsmall04.dds
d:\vincedata\cache\textures\heathazemask.dds
d:\vincedata\cache\textures\heathazenormalmap.dds
d:\vincedata\cache\textures\imp2.dds
d:\vincedata\cache\textures\impshadow.dds
d:\vincedata\cache\textures\innerwalltmbrm600.dds
d:\vincedata\cache\textures\jbskull00.dds
d:\vincedata\cache\textures\jbskull01.dds
d:\vincedata\cache\textures\jbskull02.dds
d:\vincedata\cache\textures\jbskull03.dds
d:\vincedata\cache\textures\jetflame001.dds
d:\vincedata\cache\textures\jetflame002.dds
d:\vincedata\cache\textures\jetflame003.dds
d:\vincedata\cache\textures\jetflame004.dds
d:\vincedata\cache\textures\jetglow.dds
d:\vincedata\cache\textures\killadilloshadow.dds
d:\vincedata\cache\textures\killerbeea.dds
d:\vincedata\cache\textures\killerbeeb.dds
d:\vincedata\cache\textures\killerbeec.dds
d:\vincedata\cache\textures\kosmoeggicon.dds
d:\vincedata\cache\textures\kosmohead.dds
d:\vincedata\cache\textures\kosmohead002.dds
d:\vincedata\cache\textures\kosmolasereyes02.dds
d:\vincedata\cache\textures\kosmolasereyesjimmys.dds
d:\vincedata\cache\textures\kosmolasereyesrrr.dds
d:\vincedata\cache\textures\lamp_table1.dds
d:\vincedata\cache\textures\lamphanging01.dds
d:\vincedata\cache\textures\lampwall.dds
d:\vincedata\cache\textures\laundryicon.dds
d:\vincedata\cache\textures\leafcanopybackgt600.dds
d:\vincedata\cache\textures\leafcanopymiddlegt600.dds
d:\vincedata\cache\textures\legfaucet.dds
d:\vincedata\cache\textures\lightningbolt1.dds
d:\vincedata\cache\textures\lightningbolt2.dds
d:\vincedata\cache\textures\lightningbolt3.dds
d:\vincedata\cache\textures\lightningzap_001.dds
d:\vincedata\cache\textures\lightningzap_002.dds
d:\vincedata\cache\textures\lightningzap_003.dds
d:\vincedata\cache\textures\lightningzap_004.dds
d:\vincedata\cache\textures\lightningzap_005.dds
d:\vincedata\cache\textures\loadingstrip.dds
d:\vincedata\cache\textures\loadingstripdetail.dds
d:\vincedata\cache\textures\loadscreen.dds
d:\vincedata\cache\textures\map_bogwallow.dds
d:\vincedata\cache\textures\map_docks.dds
d:\vincedata\cache\textures\map_dtcryptcity.dds
d:\vincedata\cache\textures\map_earthwaterwood.dds
d:\vincedata\cache\textures\map_gatekeeper.dds
d:\vincedata\cache\textures\map_glowberry.dds
d:\vincedata\cache\textures\map_jimmys.dds
d:\vincedata\cache\textures\map_lafitteship.dds
d:\vincedata\cache\textures\map_landorides.dds
d:\vincedata\cache\textures\map_mainstreet.dds
d:\vincedata\cache\textures\map_maintunnel.dds
d:\vincedata\cache\textures\map_midway.dds
d:\vincedata\cache\textures\map_porch.dds
d:\vincedata\cache\textures\map_rocketlab.dds
d:\vincedata\cache\textures\map_sarcophagus.dds
d:\vincedata\cache\textures\map_square.dds
d:\vincedata\cache\textures\maplong.dds
d:\vincedata\cache\textures\meatgoo01.dds
d:\vincedata\cache\textures\metal_oldcopper.dds
d:\vincedata\cache\textures\missing.dds
d:\vincedata\cache\textures\mist01.dds
d:\vincedata\cache\textures\mist02.dds
d:\vincedata\cache\textures\nav_arrowleft.dds
d:\vincedata\cache\textures\nav_arrowright.dds
d:\vincedata\cache\textures\needlehat_icon.dds
d:\vincedata\cache\textures\needlehat_iconmeter.dds
d:\vincedata\cache\textures\newpowericon_envmask.dds
d:\vincedata\cache\textures\onionicon.dds
d:\vincedata\cache\textures\optionsselectedbar.dds
d:\vincedata\cache\textures\paintings2.dds
d:\vincedata\cache\textures\paintings_tumbler1.dds
d:\vincedata\cache\textures\pausebuttonhelp.dds
d:\vincedata\cache\textures\pausescreenbackground.dds
d:\vincedata\cache\textures\pepper_sparks1.dds
d:\vincedata\cache\textures\pepper_sparks2.dds
d:\vincedata\cache\textures\pepper_sparks3.dds
d:\vincedata\cache\textures\pictureframes1.dds
d:\vincedata\cache\textures\pilingnest003_jb.dds
d:\vincedata\cache\textures\pinatacandy01.dds
d:\vincedata\cache\textures\pinatacandy02.dds
d:\vincedata\cache\textures\pinatacandy03.dds
d:\vincedata\cache\textures\pinatacandy04.dds
d:\vincedata\cache\textures\pinatacandy05.dds
d:\vincedata\cache\textures\pitfrog002.dds
d:\vincedata\cache\textures\pitfrogshadow.dds
d:\vincedata\cache\textures\plant1.dds
d:\vincedata\cache\textures\poodlebombhead.dds
d:\vincedata\cache\textures\poodlebombleg.dds
d:\vincedata\cache\textures\poodlebombtail.dds
d:\vincedata\cache\textures\poof00.dds
d:\vincedata\cache\textures\poof01.dds
d:\vincedata\cache\textures\poof02.dds
d:\vincedata\cache\textures\poof03.dds
d:\vincedata\cache\textures\poof04.dds
d:\vincedata\cache\textures\pop01.dds
d:\vincedata\cache\textures\pop02.dds
d:\vincedata\cache\textures\pop03.dds
d:\vincedata\cache\textures\pop04.dds
d:\vincedata\cache\textures\pop05.dds
d:\vincedata\cache\textures\pop06.dds
d:\vincedata\cache\textures\pop07.dds
d:\vincedata\cache\textures\pop08.dds
d:\vincedata\cache\textures\pop09.dds
d:\vincedata\cache\textures\powericon.dds
d:\vincedata\cache\textures\powerskull.dds
d:\vincedata\cache\textures\powerskull04.dds
d:\vincedata\cache\textures\powerskullmeter.dds
d:\vincedata\cache\textures\powerskullmeterfull.dds
d:\vincedata\cache\textures\powerskullsmall00.dds
d:\vincedata\cache\textures\powerskullsmall04.dds
d:\vincedata\cache\textures\projectileskull.dds
d:\vincedata\cache\textures\railingtumbleroom.dds
d:\vincedata\cache\textures\railingtumbleroom2.dds
d:\vincedata\cache\textures\ringy001.dds
d:\vincedata\cache\textures\roofwood_01.dds
d:\vincedata\cache\textures\rope_tassel.dds
d:\vincedata\cache\textures\rope_tassel_solid.dds
d:\vincedata\cache\textures\ropeb.dds
d:\vincedata\cache\textures\rustedmetal_401_as.dds
d:\vincedata\cache\textures\sausagegrindericon.dds
d:\vincedata\cache\textures\sausagemakericon.dds
d:\vincedata\cache\textures\saveframehighlight.dds
d:\vincedata\cache\textures\saveselectedbar.dds
d:\vincedata\cache\textures\scale_dw.dds
d:\vincedata\cache\textures\shopbooks.dds
d:\vincedata\cache\textures\shopbooks02.dds
d:\vincedata\cache\textures\shopbooks03.dds
d:\vincedata\cache\textures\shopbooks04.dds
d:\vincedata\cache\textures\shopmisc01.dds
d:\vincedata\cache\textures\shopmisc02.dds
d:\vincedata\cache\textures\shopmiscalpha01.dds
d:\vincedata\cache\textures\shoprug02.dds
d:\vincedata\cache\textures\shopwallstrim01.dds
d:\vincedata\cache\textures\shopwoodtable01.dds
d:\vincedata\cache\textures\sidingmanorhouse411_as.dds
d:\vincedata\cache\textures\sky_carnival_base.dds
d:\vincedata\cache\textures\sky_glowberrytangle.dds
d:\vincedata\cache\textures\sliderbar.dds
d:\vincedata\cache\textures\slidermarker.dds
d:\vincedata\cache\textures\smoke_001.dds
d:\vincedata\cache\textures\smokesoft.dds
d:\vincedata\cache\textures\smokesoft002.dds
d:\vincedata\cache\textures\softglow.dds
d:\vincedata\cache\textures\softglow2.dds
d:\vincedata\cache\textures\softglow8.dds
d:\vincedata\cache\textures\spark001.dds
d:\vincedata\cache\textures\spark002.dds
d:\vincedata\cache\textures\spark003.dds
d:\vincedata\cache\textures\spark004.dds
d:\vincedata\cache\textures\spark005.dds
d:\vincedata\cache\textures\sparkles002.dds
d:\vincedata\cache\textures\sparklestar001.dds
d:\vincedata\cache\textures\sparklestar002.dds
d:\vincedata\cache\textures\speedometer.dds
d:\vincedata\cache\textures\speedometerneedle.dds
d:\vincedata\cache\textures\splashring.dds
d:\vincedata\cache\textures\splashring2.dds
d:\vincedata\cache\textures\splashring3.dds
d:\vincedata\cache\textures\splashring4.dds
d:\vincedata\cache\textures\splashtesta.dds
d:\vincedata\cache\textures\spotglow.dds
d:\vincedata\cache\textures\spritedebrisbranch_01.dds
d:\vincedata\cache\textures\spritedebrisbranch_02.dds
d:\vincedata\cache\textures\spritedebrisbranch_03.dds
d:\vincedata\cache\textures\spritedebrisbranch_04.dds
d:\vincedata\cache\textures\spritedebrisgrass_01.dds
d:\vincedata\cache\textures\spritedebrisgrass_02.dds
d:\vincedata\cache\textures\spritedebrisleaf_01.dds
d:\vincedata\cache\textures\spritedebrisleaf_01b.dds
d:\vincedata\cache\textures\spritedebrisleaf_02.dds
d:\vincedata\cache\textures\spritedebrisleaf_03.dds
d:\vincedata\cache\textures\spritedebrisleaf_04.dds
d:\vincedata\cache\textures\spritedebrisleaf_05.dds
d:\vincedata\cache\textures\spritedebrisleaf_06.dds
d:\vincedata\cache\textures\spritedebrisleaf_07.dds
d:\vincedata\cache\textures\spritedebrisplant_01.dds
d:\vincedata\cache\textures\spritedebrisplant_02.dds
d:\vincedata\cache\textures\spritedebrisplant_03.dds
d:\vincedata\cache\textures\spritedebrisplant_04.dds
d:\vincedata\cache\textures\spritedebrisplant_05.dds
d:\vincedata\cache\textures\spritedebrisplant_06.dds
d:\vincedata\cache\textures\spritedebrisrock_01.dds
d:\vincedata\cache\textures\spritedebrisrock_02.dds
d:\vincedata\cache\textures\stairswood.dds
d:\vincedata\cache\textures\star_a.dds
d:\vincedata\cache\textures\star_b.dds
d:\vincedata\cache\textures\star_c.dds
d:\vincedata\cache\textures\starjohn01.dds
d:\vincedata\cache\textures\starjohn02.dds
d:\vincedata\cache\textures\starjohn03.dds
d:\vincedata\cache\textures\starjohn04.dds
d:\vincedata\cache\textures\swampbark300.dds
d:\vincedata\cache\textures\swampbranch_300.dds
d:\vincedata\cache\textures\swampbranch_301.dds
d:\vincedata\cache\textures\swampbranch_302.dds
d:\vincedata\cache\textures\swinghooktargetparticle.dds
d:\vincedata\cache\textures\swinghooktargetparticle2.dds
d:\vincedata\cache\textures\swirl3.dds
d:\vincedata\cache\textures\switchstarttrain.dds
d:\vincedata\cache\textures\targetingcrosshairs.dds
d:\vincedata\cache\textures\temp_gascanister.dds
d:\vincedata\cache\textures\tendril01.dds
d:\vincedata\cache\textures\tendril02.dds
d:\vincedata\cache\textures\tendril03.dds
d:\vincedata\cache\textures\tendril04.dds
d:\vincedata\cache\textures\totemskull_base_envpowericon.dds
d:\vincedata\cache\textures\treehorizontmbrm600.dds
d:\vincedata\cache\textures\trim600_ss.dds
d:\vincedata\cache\textures\trim_ceiling_decoration.dds
d:\vincedata\cache\textures\trim_white.dds
d:\vincedata\cache\textures\trimmanorhouse415_ss.dds
d:\vincedata\cache\textures\trolleyicon.dds
d:\vincedata\cache\textures\trolleywindow01.dds
d:\vincedata\cache\textures\trophyroommisc01.dds
d:\vincedata\cache\textures\trophyroommiscalpha01.dds
d:\vincedata\cache\textures\trophyroomwood600_as.dds
d:\vincedata\cache\textures\trophyroomwoodtrim600_ss.dds
d:\vincedata\cache\textures\truckpickup.dds
d:\vincedata\cache\textures\v_spot001.dds
d:\vincedata\cache\textures\v_spot003.dds
d:\vincedata\cache\textures\vince_shred01.dds
d:\vincedata\cache\textures\vince_shred02.dds
d:\vincedata\cache\textures\vince_shred03.dds
d:\vincedata\cache\textures\vince_shred04.dds
d:\vincedata\cache\textures\vince_shred05.dds
d:\vincedata\cache\textures\vince_shred06.dds
d:\vincedata\cache\textures\vinceplane.dds
d:\vincedata\cache\textures\vinceplane_bump.0.10.dds
d:\vincedata\cache\textures\vincepowerup.000.dds
d:\vincedata\cache\textures\vincepowerup.001.dds
d:\vincedata\cache\textures\vincepowerup.002.dds
d:\vincedata\cache\textures\vincepowerup.003.dds
d:\vincedata\cache\textures\vincepowerup.004.dds
d:\vincedata\cache\textures\vincepowerup.005.dds
d:\vincedata\cache\textures\vincepowerup.006.dds
d:\vincedata\cache\textures\vincepowerup.007.dds
d:\vincedata\cache\textures\vinceshadow.dds
d:\vincedata\cache\textures\vinceskin.dds
d:\vincedata\cache\textures\vinceskinn.1.00.dds
d:\vincedata\cache\textures\vincesliced.dds
d:\vincedata\cache\textures\voodoopower_angrygod.dds
d:\vincedata\cache\textures\voodoopower_blenderalpha.dds
d:\vincedata\cache\textures\voodoopower_blenderbase.dds
d:\vincedata\cache\textures\voodoopower_giantmallet01.dds
d:\vincedata\cache\textures\voodoopower_lightening001.dds
d:\vincedata\cache\textures\voodoopower_lightening002.dds
d:\vincedata\cache\textures\voodoopower_maiden1.dds
d:\vincedata\cache\textures\voodoopower_maiden2.dds
d:\vincedata\cache\textures\voodoopower_modelt01.dds
d:\vincedata\cache\textures\voodoopower_modeltwheel01.dds
d:\vincedata\cache\textures\voodoopower_sattelite01.dds
d:\vincedata\cache\textures\voodoopower_sharktubwater.dds
d:\vincedata\cache\textures\wall_blue600_001as.dds
d:\vincedata\cache\textures\wall_blue600_002as.dds
d:\vincedata\cache\textures\wall_blue600_003as.dds
d:\vincedata\cache\textures\wall_blue600_004as.dds
d:\vincedata\cache\textures\wall_innerscraped.dds
d:\vincedata\cache\textures\wall_tumble01.dds
d:\vincedata\cache\textures\wall_tumble02.dds
d:\vincedata\cache\textures\wall_tumble02b.dds
d:\vincedata\cache\textures\wall_tumble03.dds
d:\vincedata\cache\textures\wall_tumble03b.dds
d:\vincedata\cache\textures\watertesta.dds
d:\vincedata\cache\textures\watertestb.dds
d:\vincedata\cache\textures\window600_as.dds
d:\vincedata\cache\textures\windowmanorhouse416.dds
d:\vincedata\cache\textures\windownoalpha600_as.dds
d:\vincedata\cache\textures\wooddeckbrown_01.dds
d:\vincedata\cache\textures\zgcimpheadicon.dds
d:\vincedata\cache\textures\zgcvinceheadicon.dds
d:\vincedata\cache\textures\zombiebag.dds
