d:\vincedata\cache\sounds\ccsh_vslide.wav
d:\vincedata\cache\sounds\ccsh_vwall.wav
d:\vincedata\cache\sounds\kik_bigsaw.wav
d:\vincedata\cache\sounds\kik_braindamage01.wav
d:\vincedata\cache\sounds\kik_braindamage02.wav
d:\vincedata\cache\sounds\kik_braindamage03.wav
d:\vincedata\cache\sounds\kik_braindeath.wav
d:\vincedata\cache\sounds\kik_brainhum.wav
d:\vincedata\cache\sounds\kik_brainmech.wav
d:\vincedata\cache\sounds\kik_cannon.wav
d:\vincedata\cache\sounds\kik_clock.wav
d:\vincedata\cache\sounds\kik_cuckoo.wav
d:\vincedata\cache\sounds\kik_cymbal.wav
d:\vincedata\cache\sounds\kik_hammer.wav
d:\vincedata\cache\sounds\kik_objectswing.wav
d:\vincedata\cache\sounds\kik_platformhover.wav
d:\vincedata\cache\sounds\kik_rotatingplatform.wav
d:\vincedata\cache\sounds\kik_shock.wav
d:\vincedata\cache\sounds\kik_vincefly.wav
d:\vincedata\cache\sounds\kik_vortex.wav
