d:\vincedata\cache\sounds\beetbmbt1.wav
d:\vincedata\cache\sounds\beetbmbt2.wav
d:\vincedata\cache\sounds\beetbomb.wav
d:\vincedata\cache\sounds\beetbombexp.wav
d:\vincedata\cache\sounds\beetbombhit.wav
d:\vincedata\cache\sounds\beetbombtik.wav
d:\vincedata\cache\sounds\beetcuth.wav
d:\vincedata\cache\sounds\beetcuth2.wav
d:\vincedata\cache\sounds\beetcutv.wav
d:\vincedata\cache\sounds\beetdam2.wav
d:\vincedata\cache\sounds\beetdamage.wav
d:\vincedata\cache\sounds\beetdeath.wav
d:\vincedata\cache\sounds\beetdidth.wav
d:\vincedata\cache\sounds\beetdis.wav
d:\vincedata\cache\sounds\beetidle.wav
d:\vincedata\cache\sounds\beetjack.wav
d:\vincedata\cache\sounds\beetpat01.wav
d:\vincedata\cache\sounds\beetpat02.wav
d:\vincedata\cache\sounds\beetpat03.wav
d:\vincedata\cache\sounds\beetpoke.wav
d:\vincedata\cache\sounds\beettwist.wav
d:\vincedata\cache\sounds\beetwindup.wav
d:\vincedata\cache\sounds\boomerang.wav
d:\vincedata\cache\sounds\boomerang_ting.wav
d:\vincedata\cache\sounds\extralife.wav
d:\vincedata\cache\sounds\floorswitch.wav
d:\vincedata\cache\sounds\frontbutton.wav
d:\vincedata\cache\sounds\frontdialog.wav
d:\vincedata\cache\sounds\frontdown.wav
d:\vincedata\cache\sounds\frontfocus.wav
d:\vincedata\cache\sounds\frontup.wav
d:\vincedata\cache\sounds\intbagpup.wav
d:\vincedata\cache\sounds\intbeadpup.wav
d:\vincedata\cache\sounds\intbeadpup2.wav
d:\vincedata\cache\sounds\intbeadpup3.wav
d:\vincedata\cache\sounds\intboxapp.wav
d:\vincedata\cache\sounds\intbugcaut.wav
d:\vincedata\cache\sounds\intflyoff.wav
d:\vincedata\cache\sounds\intflyon.wav
d:\vincedata\cache\sounds\intgainheal.wav
d:\vincedata\cache\sounds\intgetbag.wav
d:\vincedata\cache\sounds\intloseheal.wav
d:\vincedata\cache\sounds\intlowheal.wav
d:\vincedata\cache\sounds\intmotepup.wav
d:\vincedata\cache\sounds\intnowhammy.wav
d:\vincedata\cache\sounds\intpage.wav
d:\vincedata\cache\sounds\intpause.wav
d:\vincedata\cache\sounds\intpowicon.wav
d:\vincedata\cache\sounds\intpowread.wav
d:\vincedata\cache\sounds\intswitch.wav
d:\vincedata\cache\sounds\inttrolact.wav
d:\vincedata\cache\sounds\inttrolarr.wav
d:\vincedata\cache\sounds\inttrolcur.wav
d:\vincedata\cache\sounds\inttroldep.wav
d:\vincedata\cache\sounds\killatrollst.wav
d:\vincedata\cache\sounds\killattack.wav
d:\vincedata\cache\sounds\killdamage.wav
d:\vincedata\cache\sounds\killdamflip.wav
d:\vincedata\cache\sounds\killdampok.wav
d:\vincedata\cache\sounds\killdampok02.wav
d:\vincedata\cache\sounds\killdamtwi.wav
d:\vincedata\cache\sounds\killdamtwi02.wav
d:\vincedata\cache\sounds\killdeathpunch.wav
d:\vincedata\cache\sounds\killercuth.wav
d:\vincedata\cache\sounds\killercuth02.wav
d:\vincedata\cache\sounds\killercutv.wav
d:\vincedata\cache\sounds\killercutv02.wav
d:\vincedata\cache\sounds\killexplode.wav
d:\vincedata\cache\sounds\killflatten.wav
d:\vincedata\cache\sounds\killgrowl.wav
d:\vincedata\cache\sounds\killidle01.wav
d:\vincedata\cache\sounds\killidle02.wav
d:\vincedata\cache\sounds\killjackh.wav
d:\vincedata\cache\sounds\killpat01.wav
d:\vincedata\cache\sounds\killpowdam.wav
d:\vincedata\cache\sounds\killpreattack.wav
d:\vincedata\cache\sounds\killroll.wav
d:\vincedata\cache\sounds\killrub.wav
d:\vincedata\cache\sounds\killsnicker.wav
d:\vincedata\cache\sounds\killvictory.wav
d:\vincedata\cache\sounds\monsterpoof.wav
d:\vincedata\cache\sounds\monsterpush.wav
d:\vincedata\cache\sounds\powacid.wav
d:\vincedata\cache\sounds\powappear.wav
d:\vincedata\cache\sounds\powarrow.wav
d:\vincedata\cache\sounds\powbeartrap.wav
d:\vincedata\cache\sounds\powbees.wav
d:\vincedata\cache\sounds\powdeatharea.wav
d:\vincedata\cache\sounds\powdisappea.wav
d:\vincedata\cache\sounds\powdrill.wav
d:\vincedata\cache\sounds\powfork.wav
d:\vincedata\cache\sounds\powin.wav
d:\vincedata\cache\sounds\powlawnmow.wav
d:\vincedata\cache\sounds\powlaxative.wav
d:\vincedata\cache\sounds\powmagnet.wav
d:\vincedata\cache\sounds\powout.wav
d:\vincedata\cache\sounds\powpin.wav
d:\vincedata\cache\sounds\powprojectile.wav
d:\vincedata\cache\sounds\powufo.wav
d:\vincedata\cache\sounds\powwrecball.wav
d:\vincedata\cache\sounds\puddlesplash01.wav
d:\vincedata\cache\sounds\puddlesplash02.wav
d:\vincedata\cache\sounds\puddlesplash03.wav
d:\vincedata\cache\sounds\qms_vburn.wav
d:\vincedata\cache\sounds\qms_vignite.wav
d:\vincedata\cache\sounds\spikeeye.wav
d:\vincedata\cache\sounds\spinimp.wav
d:\vincedata\cache\sounds\textappears.wav
d:\vincedata\cache\sounds\timertik.wav
d:\vincedata\cache\sounds\v_idle04.wav
d:\vincedata\cache\sounds\vbelch.wav
d:\vincedata\cache\sounds\vblock01.wav
d:\vincedata\cache\sounds\vblock02.wav
d:\vincedata\cache\sounds\vblow.wav
d:\vincedata\cache\sounds\vboomret.wav
d:\vincedata\cache\sounds\vboomthrow.wav
d:\vincedata\cache\sounds\vbounce.wav
d:\vincedata\cache\sounds\vbrush.wav
d:\vincedata\cache\sounds\vbutt.wav
d:\vincedata\cache\sounds\vceleb006.wav
d:\vincedata\cache\sounds\vcelebrate.wav
d:\vincedata\cache\sounds\vcloth.wav
d:\vincedata\cache\sounds\vdamage01.wav
d:\vincedata\cache\sounds\vdamage02.wav
d:\vincedata\cache\sounds\vdamage03.wav
d:\vincedata\cache\sounds\vdeath01.wav
d:\vincedata\cache\sounds\vdeath02.wav
d:\vincedata\cache\sounds\vdeath03.wav
d:\vincedata\cache\sounds\vdeath04.wav
d:\vincedata\cache\sounds\vdeathdrown.wav
d:\vincedata\cache\sounds\veyemov.wav
d:\vincedata\cache\sounds\vfadein.wav
d:\vincedata\cache\sounds\vhardland.wav
d:\vincedata\cache\sounds\vhover.wav
d:\vincedata\cache\sounds\vincarr1.wav
d:\vincedata\cache\sounds\vincarr2.wav
d:\vincedata\cache\sounds\vincarr3.wav
d:\vincedata\cache\sounds\vincarr4.wav
d:\vincedata\cache\sounds\vincespinmove01.wav
d:\vincedata\cache\sounds\vincespinmove02.wav
d:\vincedata\cache\sounds\vincespinmove03.wav
d:\vincedata\cache\sounds\vjump01.wav
d:\vincedata\cache\sounds\vjump02.wav
d:\vincedata\cache\sounds\vjump03.wav
d:\vincedata\cache\sounds\vpolish.wav
d:\vincedata\cache\sounds\vpopup.wav
d:\vincedata\cache\sounds\vpunchimp01.wav
d:\vincedata\cache\sounds\vpunchimp02.wav
d:\vincedata\cache\sounds\vpunchimp03.wav
d:\vincedata\cache\sounds\vpunchsws01.wav
d:\vincedata\cache\sounds\vpunchsws02.wav
d:\vincedata\cache\sounds\vpunchsws03.wav
d:\vincedata\cache\sounds\vquip_damage_02.wav
d:\vincedata\cache\sounds\vquip_damage_05.wav
d:\vincedata\cache\sounds\vquip_damage_06.wav
d:\vincedata\cache\sounds\vquip_damage_08.wav
d:\vincedata\cache\sounds\vquip_damage_09.wav
d:\vincedata\cache\sounds\vquip_damage_10.wav
d:\vincedata\cache\sounds\vquip_damage_12.wav
d:\vincedata\cache\sounds\vquip_damage_16.wav
d:\vincedata\cache\sounds\vquip_damage_17.wav
d:\vincedata\cache\sounds\vquip_damage_18.wav
d:\vincedata\cache\sounds\vquip_damage_20.wav
d:\vincedata\cache\sounds\vquip_damage_21.wav
d:\vincedata\cache\sounds\vquip_damage_24.wav
d:\vincedata\cache\sounds\vquip_damage_25.wav
d:\vincedata\cache\sounds\vquip_damage_26.wav
d:\vincedata\cache\sounds\vquip_damage_28.wav
d:\vincedata\cache\sounds\vquip_damage_30.wav
d:\vincedata\cache\sounds\vquip_life_02.wav
d:\vincedata\cache\sounds\vquip_life_03.wav
d:\vincedata\cache\sounds\vquip_life_05.wav
d:\vincedata\cache\sounds\vquip_life_06.wav
d:\vincedata\cache\sounds\vquip_life_08.wav
d:\vincedata\cache\sounds\vquip_life_10.wav
d:\vincedata\cache\sounds\vquip_life_11.wav
d:\vincedata\cache\sounds\vquip_life_13.wav
d:\vincedata\cache\sounds\vquip_mdeath_01.wav
d:\vincedata\cache\sounds\vquip_mdeath_05.wav
d:\vincedata\cache\sounds\vquip_mdeath_06.wav
d:\vincedata\cache\sounds\vquip_mdeath_10.wav
d:\vincedata\cache\sounds\vquip_mdeath_12.wav
d:\vincedata\cache\sounds\vquip_mdeath_13.wav
d:\vincedata\cache\sounds\vquip_mdeath_14.wav
d:\vincedata\cache\sounds\vquip_pickup_02.wav
d:\vincedata\cache\sounds\vquip_pickup_04.wav
d:\vincedata\cache\sounds\vquip_pickup_05.wav
d:\vincedata\cache\sounds\vquip_pickup_06.wav
d:\vincedata\cache\sounds\vquip_pickup_09.wav
d:\vincedata\cache\sounds\vquip_pickup_10.wav
d:\vincedata\cache\sounds\vquip_pickup_12.wav
d:\vincedata\cache\sounds\vquip_pickup_13.wav
d:\vincedata\cache\sounds\vquip_pickup_14.wav
d:\vincedata\cache\sounds\vquip_pickup_16.wav
d:\vincedata\cache\sounds\vquip_pickup_18.wav
d:\vincedata\cache\sounds\vslamimp.wav
d:\vincedata\cache\sounds\vslamstart.wav
d:\vincedata\cache\sounds\vsoftland.wav
d:\vincedata\cache\sounds\vspikeeye.wav
d:\vincedata\cache\sounds\vspinimp.wav
d:\vincedata\cache\sounds\vsplash.wav
d:\vincedata\cache\sounds\vstep01_01.wav
d:\vincedata\cache\sounds\vstep01_02.wav
d:\vincedata\cache\sounds\vstep01_03.wav
d:\vincedata\cache\sounds\vstep01_04.wav
d:\vincedata\cache\sounds\vstep01_05.wav
d:\vincedata\cache\sounds\vstep01_06.wav
d:\vincedata\cache\sounds\vstep02_01.wav
d:\vincedata\cache\sounds\vstep02_02.wav
d:\vincedata\cache\sounds\vstep02_03.wav
d:\vincedata\cache\sounds\vstep02_04.wav
d:\vincedata\cache\sounds\vstep02_05.wav
d:\vincedata\cache\sounds\vstep02_06.wav
d:\vincedata\cache\sounds\vstep03_01.wav
d:\vincedata\cache\sounds\vstep03_02.wav
d:\vincedata\cache\sounds\vstep03_03.wav
d:\vincedata\cache\sounds\vstep03_04.wav
d:\vincedata\cache\sounds\vstep03_05.wav
d:\vincedata\cache\sounds\vstep03_06.wav
d:\vincedata\cache\sounds\vstep04_01.wav
d:\vincedata\cache\sounds\vstep04_02.wav
d:\vincedata\cache\sounds\vstep04_03.wav
d:\vincedata\cache\sounds\vstep04_04.wav
d:\vincedata\cache\sounds\vstep04_05.wav
d:\vincedata\cache\sounds\vstep04_06.wav
d:\vincedata\cache\sounds\vstep05_01.wav
d:\vincedata\cache\sounds\vstep05_02.wav
d:\vincedata\cache\sounds\vstep05_03.wav
d:\vincedata\cache\sounds\vstep05_04.wav
d:\vincedata\cache\sounds\vstep05_05.wav
d:\vincedata\cache\sounds\vstep05_06.wav
d:\vincedata\cache\sounds\vstep06_01.wav
d:\vincedata\cache\sounds\vstep06_02.wav
d:\vincedata\cache\sounds\vstep06_03.wav
d:\vincedata\cache\sounds\vstep06_04.wav
d:\vincedata\cache\sounds\vstep06_05.wav
d:\vincedata\cache\sounds\vstep06_06.wav
d:\vincedata\cache\sounds\vstep07_01.wav
d:\vincedata\cache\sounds\vstep07_02.wav
d:\vincedata\cache\sounds\vstep07_03.wav
d:\vincedata\cache\sounds\vstep07_04.wav
d:\vincedata\cache\sounds\vstep07_05.wav
d:\vincedata\cache\sounds\vstep07_06.wav
d:\vincedata\cache\sounds\vthumb.wav
d:\vincedata\cache\sounds\vtosseye.wav
