d:\vincedata\cache\models\cryptbaker_base.gator
d:\vincedata\cache\models\cryptbelle_base.gator
d:\vincedata\cache\models\cryptclown_base.gator
d:\vincedata\cache\models\cryptfootball_base.gator
d:\vincedata\cache\models\crypthula_base.gator
d:\vincedata\cache\models\cryptimp_base.gator
d:\vincedata\cache\models\debris_a_base.gator
d:\vincedata\cache\models\debris_b_base.gator
d:\vincedata\cache\models\debris_c_base.gator
d:\vincedata\cache\models\doorareaexit_base.gator
d:\vincedata\cache\models\gbcml_base.gator
d:\vincedata\cache\models\leafdead_a_base.gator
d:\vincedata\cache\models\leafdead_b_base.gator
d:\vincedata\cache\models\leafdead_c_base.gator
d:\vincedata\cache\models\magicstool_base.gator
d:\vincedata\cache\models\zombiebaker_base.gator
d:\vincedata\cache\models\zombiebelle_base.gator
d:\vincedata\cache\models\zombieclown_base.gator
d:\vincedata\cache\models\zombiefootball_base.gator
d:\vincedata\cache\models\zombiehulagirl_base.gator
