d:\vincedata\cache\sounds\bhh_fbrun.wav
d:\vincedata\cache\sounds\bhh_fbswitch.wav
d:\vincedata\cache\sounds\bhh_imp01.wav
d:\vincedata\cache\sounds\bhh_imp02.wav
d:\vincedata\cache\sounds\bhh_imp03.wav
d:\vincedata\cache\sounds\bhh_imp04.wav
d:\vincedata\cache\sounds\bhh_imp05.wav
d:\vincedata\cache\sounds\bhh_imp06.wav
d:\vincedata\cache\sounds\bhh_imp07.wav
d:\vincedata\cache\sounds\bhh_imp08.wav
d:\vincedata\cache\sounds\bhh_sizzle.wav
d:\vincedata\cache\sounds\bhh_windmillchopnblow.wav
d:\vincedata\cache\sounds\charmaine_b_hh_01.wav
d:\vincedata\cache\sounds\hurrbigroar.wav
d:\vincedata\cache\sounds\hurrdamag01.wav
d:\vincedata\cache\sounds\hurrdamag02.wav
d:\vincedata\cache\sounds\hurrdamag03.wav
d:\vincedata\cache\sounds\hurrspit.wav
d:\vincedata\cache\sounds\hurrwind01.wav
d:\vincedata\cache\sounds\hurrwind02.wav
d:\vincedata\cache\sounds\hurrwind03.wav
d:\vincedata\cache\sounds\hurrwind04.wav
