d:\vincedata\cache\levels\crawdadjimmys\models\water.gator
d:\vincedata\cache\models\crawdadjimmy_base.gator
d:\vincedata\cache\models\goldenjunebug_base.gator
d:\vincedata\cache\models\grateexit_base.gator
d:\vincedata\cache\models\kettle_base.gator
d:\vincedata\cache\models\kosmohead_base.gator
d:\vincedata\cache\models\mysterybox_base.gator
d:\vincedata\cache\models\rccontroller_base.gator
d:\vincedata\cache\models\signallseeingeye_base.gator
d:\vincedata\cache\models\signdoublejump_base.gator
d:\vincedata\cache\models\signeyeview_base.gator
d:\vincedata\cache\models\signfanboat_base.gator
d:\vincedata\cache\models\signfloat_base.gator
d:\vincedata\cache\models\signheadslam_base.gator
d:\vincedata\cache\models\signjumpspin_base.gator
d:\vincedata\cache\models\signpunch_base.gator
d:\vincedata\cache\models\signshrimpsub_base.gator
d:\vincedata\cache\models\signspinkick_base.gator
d:\vincedata\cache\models\signswinghook_base.gator
d:\vincedata\cache\models\timbergate_base.gator
d:\vincedata\cache\models\weathervane_base.gator
